<?xml version="1.0" encoding="UTF-8"?>
<!-- Generated by org.testng.reporters.JUnitXMLReporter -->
<testsuite ignored="0" hostname="Ramesh-Chetariya" failures="0" tests="3" name="Default test" time="0.052" errors="0" timestamp="2025-09-19T12:03:34 IST">
  <testcase classname="GitPackage.GitClass" name="login" time="0.009"/>
  <testcase classname="GitPackage.GitClass" name="openapp" time="0.001"/>
  <testcase classname="GitPackage.GitClass" name="logout" time="0.001"/>
</testsuite> <!-- Default test -->
