<?xml version="1.0" encoding="UTF-8"?>
<testng-results ignored="0" total="3" passed="3" failed="0" skipped="0">
  <reporter-output>
  </reporter-output>
  <suite started-at="2025-09-19T12:03:34 IST" name="Default suite" finished-at="2025-09-19T12:03:34 IST" duration-ms="52">
    <groups>
    </groups>
    <test started-at="2025-09-19T12:03:34 IST" name="Default test" finished-at="2025-09-19T12:03:34 IST" duration-ms="52">
      <class name="GitPackage.GitClass">
        <test-method signature="login()[pri:1, instance:GitPackage.GitClass@272ed83b]" started-at="2025-09-19T12:03:34 IST" name="login" finished-at="2025-09-19T12:03:34 IST" duration-ms="9" status="PASS">
          <reporter-output>
          </reporter-output>
        </test-method> <!-- login -->
        <test-method signature="openapp()[pri:2, instance:GitPackage.GitClass@272ed83b]" started-at="2025-09-19T12:03:34 IST" name="openapp" finished-at="2025-09-19T12:03:34 IST" duration-ms="1" status="PASS">
          <reporter-output>
          </reporter-output>
        </test-method> <!-- openapp -->
        <test-method signature="logout()[pri:3, instance:GitPackage.GitClass@272ed83b]" started-at="2025-09-19T12:03:34 IST" name="logout" finished-at="2025-09-19T12:03:34 IST" duration-ms="1" status="PASS">
          <reporter-output>
          </reporter-output>
        </test-method> <!-- logout -->
      </class> <!-- GitPackage.GitClass -->
    </test> <!-- Default test -->
  </suite> <!-- Default suite -->
</testng-results>
